{
  "RSpec": {
    "coverage": {
      "/home/vlad/code/modulect/config/environment.rb": [
        null,
        1,
        null,
        null,
        1
      ],
      "/home/vlad/code/modulect/config/application.rb": [
        1,
        null,
        1,
        1,
        null,
        null,
        null,
        1,
        null,
        1,
        1,
        null,
        null,
        null,
        null,
        null,
        1,
        1,
        null,
        null,
        null,
        null,
        null,
        null,
        null,
        null,
        null,
        null,
        null,
        null,
        null,
        null,
        null,
        null,
        null,
        null
      ],
      "/home/vlad/code/modulect/config/boot.rb": [
        1,
        null,
        1
      ],
      "/home/vlad/code/modulect/config/environments/test.rb": [
        1,
        null,
        null,
        null,
        null,
        null,
        null,
        1,
        null,
        null,
        1,
        null,
        null,
        null,
        null,
        1,
        null,
        null,
        1,
        1,
        null,
        null,
        null,
        null,
        1,
        1,
        null,
        null,
        1,
        null,
        null,
        1,
        1,
        1,
        null,
        null,
        null,
        null,
        1,
        null,
        null,
        1,
        null,
        null,
        null,
        null
      ],
      "/home/vlad/code/modulect/config/initializers/application_controller_renderer.rb": [
        null,
        null,
        null,
        null,
        null,
        null
      ],
      "/home/vlad/code/modulect/config/initializers/assets.rb": [
        null,
        null,
        null,
        1,
        1,
        1,
        null,
        null,
        null,
        null,
        null,
        null
      ],
      "/home/vlad/code/modulect/config/initializers/backtrace_silencers.rb": [
        null,
        null,
        null,
        null,
        null,
        null,
        null
      ],
      "/home/vlad/code/modulect/config/initializers/cookies_serializer.rb": [
        null,
        null,
        null,
        null,
        1
      ],
      "/home/vlad/code/modulect/config/initializers/filter_parameter_logging.rb": [
        null,
        null,
        null,
        1
      ],
      "/home/vlad/code/modulect/config/initializers/inflections.rb": [
        null,
        null,
        null,
        null,
        null,
        null,
        null,
        null,
        null,
        null,
        null,
        null,
        null,
        null,
        null,
        null
      ],
      "/home/vlad/code/modulect/config/initializers/mime_types.rb": [
        null,
        null,
        null,
        null
      ],
      "/home/vlad/code/modulect/config/initializers/new_framework_defaults.rb": [
        null,
        null,
        null,
        null,
        null,
        null,
        null,
        1,
        null,
        null,
        1,
        null,
        null,
        null,
        1,
        null,
        null,
        1,
        null,
        null,
        1,
        null,
        null,
        1
      ],
      "/home/vlad/code/modulect/config/initializers/session_store.rb": [
        null,
        null,
        1
      ],
      "/home/vlad/code/modulect/config/initializers/wrap_parameters.rb": [
        null,
        null,
        null,
        null,
        null,
        null,
        1,
        2,
        null,
        null,
        null,
        null,
        null,
        null
      ],
      "/home/vlad/code/modulect/app/helpers/admin_helper.rb": [
        1,
        1,
        null,
        null,
        1,
        34,
        34,
        0,
        null,
        34,
        null,
        null,
        null,
        null,
        null,
        1,
        null,
        0,
        0,
        0,
        0,
        null,
        0,
        null,
        null,
        0,
        null,
        null,
        null,
        null,
        null,
        1,
        7,
        null,
        null,
        null,
        1,
        0,
        null,
        0,
        0,
        0,
        null,
        null,
        null,
        0,
        null,
        null,
        null,
        1,
        7,
        7,
        7,
        0,
        null,
        null,
        null,
        7,
        0,
        null,
        7,
        null,
        null,
        null,
        1,
        0,
        0,
        null,
        0,
        null,
        null,
        null,
        null,
        null,
        null,
        1,
        0,
        0,
        null,
        0,
        null,
        null,
        null,
        null,
        1,
        9,
        null,
        9,
        9,
        0,
        null,
        null,
        9,
        null,
        null
      ],
      "/home/vlad/code/modulect/app/helpers/sessions_helper.rb": [
        1,
        null,
        null,
        1,
        15,
        15,
        15,
        null,
        null,
        null,
        1,
        17,
        17,
        17,
        null,
        null,
        null,
        1,
        8,
        6,
        6,
        6,
        null,
        null,
        null,
        null,
        1,
        1437,
        1111,
        326,
        0,
        0,
        0,
        0,
        null,
        null,
        null,
        null,
        null,
        1,
        34,
        34,
        33,
        null,
        1,
        null,
        null,
        null,
        null,
        1,
        172,
        null,
        null,
        null,
        1,
        5,
        5,
        5,
        null,
        null,
        null,
        1,
        563,
        null,
        null,
        null,
        null,
        1,
        7,
        null,
        null,
        null,
        1,
        10,
        10,
        null,
        null,
        null,
        1,
        110,
        null,
        null
      ],
      "/home/vlad/code/modulect/app/helpers/admin/course_pathways_helper.rb": [
        1,
        null
      ],
      "/home/vlad/code/modulect/app/helpers/admin/multi_item_field_helper.rb": [
        1,
        1,
        null,
        1,
        29,
        3,
        null,
        26,
        null,
        null,
        null
      ],
      "/home/vlad/code/modulect/app/helpers/admin/upload_helper.rb": [
        1,
        1,
        1,
        1,
        null,
        1,
        null,
        11,
        11,
        null,
        11,
        null,
        11,
        0,
        11,
        null,
        0,
        null,
        null,
        null,
        11,
        2,
        9,
        3,
        6,
        4,
        2,
        2,
        null,
        0,
        0,
        null,
        11,
        null,
        null,
        null,
        1,
        2,
        2,
        2,
        null,
        2,
        1,
        null,
        null,
        null,
        null,
        1,
        1,
        1,
        null,
        1,
        1,
        null,
        null,
        0,
        0,
        null,
        null,
        null,
        2,
        null,
        null,
        1,
        3,
        3,
        3,
        3,
        0,
        null,
        null,
        3,
        3,
        3,
        null,
        null,
        0,
        0,
        null,
        null,
        3,
        3,
        5,
        5,
        null,
        2,
        null,
        null,
        3,
        null,
        null,
        null,
        null,
        3,
        null,
        null,
        1,
        4,
        4,
        5,
        5,
        5,
        5,
        null,
        4,
        null,
        null,
        1,
        2,
        2,
        4,
        4,
        4,
        4,
        null,
        2,
        null,
        null
      ],
      "/home/vlad/code/modulect/app/helpers/admin/upload_modules_helper.rb": [
        1,
        null,
        1,
        null,
        1,
        4,
        4,
        null,
        4,
        null,
        4,
        0,
        4,
        0,
        null,
        null,
        4,
        null,
        4,
        2,
        2,
        null,
        2,
        2,
        null,
        null,
        4,
        3,
        null,
        1,
        null,
        null,
        null,
        4,
        null,
        null,
        1,
        1,
        null,
        4,
        4,
        null,
        null,
        1,
        null,
        4,
        4,
        null,
        null,
        1,
        2,
        null,
        null,
        null,
        null,
        null,
        2,
        2,
        2,
        2,
        null,
        2,
        null,
        null,
        1,
        2,
        null,
        null,
        null,
        null,
        null,
        2,
        2,
        2,
        2,
        null,
        2,
        null,
        null,
        1,
        4,
        4,
        4,
        4,
        0,
        0,
        0,
        0,
        0,
        null,
        null,
        null,
        null,
        null,
        null,
        1,
        4,
        4,
        4,
        1,
        1,
        1,
        1,
        0,
        null,
        1,
        null,
        null,
        null,
        null,
        null,
        null,
        1,
        4,
        4,
        4,
        4,
        4,
        4,
        3,
        null,
        1,
        1,
        null,
        null,
        null,
        null,
        null,
        1,
        4,
        4,
        4,
        4,
        4,
        4,
        2,
        null,
        2,
        2,
        null,
        null,
        null,
        null,
        null,
        1,
        0,
        null,
        null,
        null,
        null,
        1,
        0,
        null,
        null,
        1,
        0,
        null,
        null,
        1,
        0,
        0,
        0,
        0,
        0,
        null,
        0,
        null,
        null,
        0,
        null,
        null,
        1,
        0,
        0,
        0,
        null,
        0,
        null,
        null,
        1,
        0,
        null,
        null,
        1,
        5,
        null,
        null,
        1,
        8,
        null,
        null,
        1,
        4,
        null,
        0,
        null,
        3,
        null,
        1,
        null,
        0,
        null,
        null,
        null,
        1,
        0,
        null,
        null,
        1,
        0,
        null,
        null
      ],
      "/home/vlad/code/modulect/app/helpers/admin/upload_courses_helper.rb": [
        1,
        null,
        1,
        null,
        1,
        5,
        5,
        null,
        5,
        null,
        null,
        null,
        5,
        5,
        0,
        null,
        null,
        null,
        5,
        0,
        5,
        0,
        null,
        null,
        5,
        3,
        3,
        3,
        null,
        2,
        2,
        2,
        null,
        null,
        5,
        null,
        5,
        5,
        5,
        null,
        0,
        null,
        null,
        null,
        5,
        null,
        null,
        1,
        1,
        null,
        5,
        5,
        null,
        null,
        1,
        null,
        5,
        5,
        null,
        null,
        1,
        3,
        3,
        3,
        null,
        null,
        1,
        2,
        2,
        2,
        null,
        null,
        1,
        null,
        10,
        10,
        10,
        10,
        10,
        10,
        null,
        0,
        null,
        null,
        null,
        null,
        1,
        9,
        null,
        null,
        1,
        9,
        null,
        null,
        1,
        1,
        1,
        1,
        null,
        1,
        null,
        null,
        1,
        8,
        null,
        null,
        1,
        10,
        null,
        null,
        1,
        5,
        null,
        null,
        1,
        18,
        null,
        null,
        1,
        18,
        null,
        null
      ],
      "/home/vlad/code/modulect/app/helpers/analytics_helper.rb": [
        1,
        null,
        null,
        1,
        20,
        null,
        null,
        null,
        1,
        null,
        30,
        null,
        null,
        14,
        0,
        null,
        30,
        null,
        null,
        14,
        14,
        null,
        14,
        null,
        null,
        null,
        null,
        1,
        8,
        8,
        8,
        6,
        null,
        2,
        null,
        null,
        null,
        null,
        1,
        7,
        0,
        7,
        1,
        null,
        6,
        null,
        null,
        null,
        null,
        1,
        1,
        0,
        1,
        1,
        null,
        0,
        null,
        null,
        null,
        null,
        1,
        26,
        0,
        26,
        1,
        0,
        1,
        1,
        null,
        null,
        25,
        22,
        3,
        3,
        null,
        null,
        null,
        null,
        null,
        1,
        48,
        0,
        48,
        0,
        48,
        0,
        48,
        48,
        0,
        0,
        0,
        0,
        null,
        null,
        null,
        null,
        1,
        40,
        null,
        null,
        null,
        null,
        null,
        null,
        null,
        null,
        null,
        null,
        null,
        null,
        null,
        null,
        1,
        null,
        2,
        null,
        2,
        2,
        2,
        2,
        2,
        0,
        null,
        2,
        null,
        null,
        null,
        null,
        null,
        2,
        null,
        null,
        null,
        1,
        null,
        2,
        null,
        2,
        2,
        2,
        2,
        2,
        0,
        null,
        2,
        null,
        null,
        null,
        null,
        null,
        null,
        null,
        2,
        4,
        null,
        null,
        2,
        null,
        null,
        null,
        1,
        2,
        null,
        2,
        4,
        4,
        4,
        4,
        2,
        null,
        2,
        null,
        null,
        null,
        null,
        null,
        2,
        null,
        null,
        null,
        1,
        2,
        null,
        2,
        4,
        4,
        4,
        4,
        2,
        null,
        2,
        null,
        null,
        null,
        null,
        null,
        2,
        null,
        null,
        null,
        null,
        1,
        0,
        0,
        null,
        0,
        0,
        0,
        0,
        0,
        null,
        0,
        null,
        null,
        null,
        null,
        0,
        null,
        null,
        null,
        null,
        1,
        2,
        null,
        2,
        2,
        2,
        2,
        0,
        null,
        2,
        null,
        null,
        null,
        null,
        2,
        null,
        null,
        null,
        1,
        2,
        null,
        2,
        2,
        2,
        2,
        2,
        0,
        null,
        2,
        null,
        null,
        null,
        null,
        null,
        2,
        null,
        null,
        null,
        1,
        2,
        null,
        2,
        4,
        4,
        4,
        4,
        null,
        null,
        null,
        null,
        2,
        null,
        null,
        null,
        1,
        0,
        0,
        0,
        0,
        0,
        0,
        0,
        0,
        null,
        null,
        null,
        null,
        0,
        0,
        0,
        0,
        0,
        null,
        null,
        null,
        null,
        0,
        null,
        0,
        null,
        null,
        null,
        1,
        6,
        null,
        6,
        24,
        4,
        24,
        null,
        null,
        null,
        6,
        6,
        0,
        0,
        0,
        null,
        null,
        null,
        null,
        null,
        6,
        0,
        null,
        6,
        null,
        null,
        6,
        6,
        null,
        6,
        null,
        null,
        null,
        null,
        null,
        1,
        null,
        6,
        0,
        null,
        6,
        null,
        null,
        null,
        6,
        null,
        6,
        12,
        8,
        null,
        null,
        null,
        6,
        null,
        null,
        null,
        null,
        1,
        null,
        2,
        0,
        null,
        2,
        null,
        null,
        null,
        2,
        null,
        2,
        4,
        2,
        null,
        null,
        null,
        2,
        null,
        null,
        1,
        2,
        2,
        2,
        null,
        2,
        2,
        null,
        2,
        null,
        null,
        null,
        1,
        null,
        2,
        0,
        null,
        2,
        null,
        null,
        null,
        2,
        null,
        2,
        4,
        4,
        2,
        null,
        2,
        null,
        null,
        null,
        null,
        2,
        null,
        null,
        null,
        null,
        1,
        4,
        0,
        null,
        4,
        null,
        null,
        null,
        4,
        null,
        4,
        0,
        0,
        null,
        null,
        null,
        4,
        null,
        null,
        null,
        1,
        4,
        0,
        null,
        4,
        null,
        null,
        null,
        4,
        null,
        4,
        0,
        0,
        null,
        null,
        null,
        4,
        null,
        null,
        null,
        1,
        4,
        0,
        null,
        4,
        null,
        null,
        null,
        4,
        null,
        4,
        0,
        0,
        null,
        null,
        null,
        4,
        null,
        null,
        null,
        null,
        1,
        6,
        0,
        null,
        6,
        null,
        null,
        6,
        null,
        null,
        null,
        null,
        null,
        1,
        10,
        10,
        0,
        0,
        null,
        10,
        0,
        0,
        null,
        10,
        10,
        320,
        null,
        0,
        0,
        0,
        null,
        0,
        0,
        0,
        null,
        null,
        null,
        10,
        null,
        null,
        null,
        1,
        null,
        6,
        null,
        6,
        192,
        null,
        null,
        6,
        0,
        0,
        0,
        null,
        6,
        0,
        0,
        0,
        null,
        6,
        6,
        0,
        0,
        null,
        0,
        0,
        0,
        0,
        null,
        0,
        0,
        0,
        0,
        null,
        null,
        null,
        6,
        null,
        6,
        192,
        null,
        null,
        6,
        null,
        null,
        null,
        null,
        1,
        11,
        5,
        null,
        6,
        null,
        null,
        null,
        null,
        1,
        11,
        5,
        null,
        6,
        null,
        null,
        null,
        null,
        null,
        1,
        6,
        0,
        null,
        6,
        null,
        null,
        null,
        null,
        1,
        2,
        null,
        2,
        2,
        null,
        null,
        2,
        2,
        null,
        null,
        2,
        2,
        null,
        null,
        2,
        2,
        null,
        null,
        2,
        null,
        null,
        2,
        null,
        null,
        2,
        null,
        null,
        2,
        null,
        null,
        2,
        null,
        null,
        2,
        null,
        null,
        2,
        null,
        null,
        2,
        null,
        null,
        2,
        null,
        null,
        2,
        null,
        null,
        2,
        null,
        null,
        2,
        null,
        2,
        null,
        null
      ],
      "/home/vlad/code/modulect/app/helpers/application_helper.rb": [
        1,
        null,
        null,
        1,
        29,
        29,
        0,
        null,
        29,
        null,
        null,
        null,
        null,
        1,
        4,
        4,
        8,
        null,
        4,
        null,
        null,
        null,
        null,
        null,
        1,
        0,
        0,
        null,
        null,
        0,
        0,
        null,
        null,
        0,
        0,
        0,
        0,
        0,
        0,
        null,
        0,
        0,
        null,
        0,
        0,
        null,
        0,
        null,
        null,
        null,
        0,
        0,
        null,
        0,
        null,
        null,
        null,
        0,
        0,
        null,
        0,
        null,
        null,
        null,
        0,
        null,
        0,
        null,
        0,
        0,
        0,
        null,
        0,
        null,
        0,
        0,
        0,
        null,
        0,
        null,
        0,
        0,
        0,
        null,
        0,
        null,
        0,
        0,
        null,
        null,
        0,
        null,
        null,
        null,
        null,
        null,
        null,
        1,
        0,
        0,
        null,
        0,
        0,
        0,
        0,
        null,
        null,
        0,
        null,
        null,
        null,
        null,
        null,
        null,
        1,
        0,
        0,
        0,
        null,
        0,
        null,
        null,
        null,
        1,
        17,
        null,
        null,
        null,
        null,
        1,
        null,
        null,
        null,
        null,
        null,
        5,
        0,
        null,
        5,
        null,
        null,
        null,
        null,
        1,
        0,
        0,
        null,
        0,
        null,
        null,
        null,
        null,
        1,
        0,
        0,
        null,
        0,
        null,
        null,
        null,
        null,
        1,
        0,
        0,
        null,
        null,
        null,
        1,
        0,
        null,
        0,
        null,
        null,
        0,
        null,
        null,
        0,
        0,
        null,
        null,
        null,
        null,
        null,
        null,
        1,
        0,
        null,
        null,
        1,
        4,
        0,
        4,
        0,
        4,
        3,
        1,
        1,
        null,
        0,
        null,
        null,
        null,
        null,
        null,
        null,
        1,
        0,
        0,
        0,
        null,
        0,
        null,
        null,
        null,
        1,
        104,
        104,
        null,
        97,
        null,
        null,
        null,
        null,
        null,
        null,
        1,
        3,
        3,
        3,
        null,
        3,
        3,
        null,
        null,
        3,
        3,
        3,
        null,
        0,
        null,
        null,
        null,
        null,
        null,
        1,
        245,
        null,
        null,
        null,
        1,
        1,
        null,
        1,
        0,
        0,
        null,
        0,
        null,
        0,
        0,
        0,
        0,
        0,
        0,
        0,
        0,
        null,
        null,
        null,
        null,
        0,
        0,
        0,
        null,
        null,
        null,
        null,
        1,
        null,
        null,
        null,
        null,
        null,
        1,
        8,
        4,
        2,
        2,
        null,
        2,
        null,
        null,
        null,
        null,
        null,
        1,
        6,
        3,
        0,
        0,
        null,
        3,
        null,
        null,
        null,
        null,
        1,
        0,
        0,
        null,
        null,
        null,
        1,
        null,
        1,
        null,
        0,
        0,
        null,
        null,
        0,
        null,
        null,
        null
      ],
      "/home/vlad/code/modulect/app/helpers/career_search_helper.rb": [
        1,
        null,
        null,
        null,
        null,
        1,
        1,
        1,
        null,
        1,
        1,
        2,
        null,
        null,
        1,
        null,
        null,
        1,
        3,
        null,
        0,
        null,
        null,
        null,
        null,
        null,
        null,
        1,
        null,
        1,
        null,
        1,
        2,
        2,
        null,
        null,
        null,
        1,
        null,
        null,
        null,
        null,
        null,
        null,
        null,
        1,
        0,
        null,
        0,
        0,
        0,
        null,
        null,
        null,
        0,
        0,
        null,
        0,
        null,
        null,
        null
      ],
      "/home/vlad/code/modulect/app/helpers/courses_helper.rb": [
        1,
        null,
        null,
        1,
        1,
        null,
        1,
        1,
        null,
        1,
        1,
        0,
        null,
        null,
        1,
        null,
        null,
        1,
        1,
        0,
        null,
        null,
        null,
        null,
        1,
        0,
        0,
        null,
        0,
        0,
        0,
        null,
        0,
        0,
        null,
        null,
        null,
        null,
        null,
        null,
        null,
        null,
        1,
        null,
        1,
        1,
        1,
        1,
        null,
        1,
        null,
        null
      ],
      "/home/vlad/code/modulect/app/helpers/pathway_search_helper.rb": [
        1,
        null,
        null,
        null,
        null,
        1,
        1,
        null,
        1,
        null,
        1,
        2,
        null,
        2,
        4,
        null,
        4,
        10,
        null,
        null,
        null,
        null,
        null,
        1,
        null,
        null,
        null,
        1,
        1,
        1,
        1,
        null,
        0,
        null,
        null,
        null,
        null,
        1,
        0,
        0,
        null,
        0,
        null,
        null,
        null,
        null,
        1,
        null,
        6,
        6,
        6,
        0,
        0,
        null,
        6,
        6,
        null,
        null,
        17,
        6,
        0,
        0,
        null,
        null,
        6,
        null,
        null,
        null,
        null,
        1,
        null,
        0,
        0,
        0,
        0,
        0,
        null,
        0,
        0,
        null,
        null,
        0,
        0,
        0,
        0,
        null,
        null,
        null,
        null,
        null,
        null,
        null
      ],
      "/home/vlad/code/modulect/app/helpers/search_helper.rb": [
        1,
        null,
        null,
        1,
        0,
        null,
        null,
        null,
        null,
        1,
        0,
        null,
        0,
        null,
        0,
        0,
        null,
        0,
        0,
        null,
        0,
        0,
        0,
        0,
        null,
        null,
        null,
        null,
        null,
        null,
        0,
        null,
        null,
        null,
        1,
        0,
        0,
        0,
        0,
        0,
        0,
        null,
        null,
        0,
        null,
        null,
        null
      ],
      "/home/vlad/code/modulect/app/helpers/uni_module_helper.rb": [
        1,
        1,
        null,
        null,
        null,
        1,
        28,
        8,
        null,
        20,
        null,
        null,
        null,
        null,
        null,
        null,
        1,
        0,
        null,
        null,
        null,
        null,
        null,
        1,
        0,
        0,
        null,
        null,
        null,
        null,
        null,
        1,
        0,
        null,
        null,
        null,
        null,
        null,
        1,
        null,
        0,
        0,
        null,
        0,
        null,
        null,
        null,
        null,
        null,
        null,
        1,
        null,
        0,
        0,
        null,
        0,
        null,
        null,
        null,
        null
      ],
      "/home/vlad/code/modulect/app/helpers/users_helper.rb": [
        1,
        null,
        1,
        1,
        null,
        null,
        null
      ],
      "/home/vlad/code/modulect/spec/factories.rb": [
        null,
        null,
        1,
        1,
        null,
        null,
        1,
        null,
        null,
        1,
        null,
        null,
        1,
        null,
        null,
        1,
        null,
        null,
        1,
        1,
        1,
        1,
        null,
        null,
        1,
        1,
        1,
        1,
        1,
        null,
        null,
        1,
        1,
        1,
        null,
        null,
        1,
        1,
        1,
        null,
        null,
        1,
        1,
        1,
        null,
        null,
        1,
        1,
        null,
        null,
        1,
        1,
        1,
        null,
        null,
        1,
        1,
        null,
        null,
        1,
        1,
        null,
        null,
        1,
        1,
        1,
        1,
        1,
        1,
        1,
        null,
        null,
        1,
        1,
        1,
        1,
        1,
        1,
        1,
        1,
        1,
        null,
        null,
        1,
        1,
        null,
        null
      ],
      "/home/vlad/code/modulect/config/routes.rb": [
        1,
        null,
        null,
        1,
        1,
        1,
        1,
        1,
        1,
        1,
        1,
        1,
        1,
        1,
        1,
        1,
        null,
        null,
        null,
        null,
        1,
        1,
        1,
        null,
        null,
        1,
        1,
        1,
        null,
        1,
        null,
        null,
        1,
        1,
        1,
        1,
        1,
        1,
        1,
        1,
        1,
        1,
        1,
        1,
        1,
        1,
        1,
        1,
        1,
        1,
        1,
        null,
        null,
        1,
        null,
        1,
        1,
        null,
        null,
        1,
        null,
        null,
        null,
        1,
        1,
        1,
        1,
        1,
        1,
        1,
        1,
        1,
        1,
        1,
        1,
        null,
        null,
        null,
        null,
        1,
        1,
        1,
        1,
        null,
        null,
        1,
        1,
        null,
        null,
        1,
        1,
        1,
        null,
        null,
        1,
        1,
        1,
        null,
        null,
        1,
        null,
        null,
        1,
        null,
        null,
        null,
        null,
        1,
        1,
        null,
        null,
        1,
        1,
        1,
        1,
        1,
        1,
        null,
        1,
        1,
        1,
        null,
        null,
        null,
        1,
        1,
        1,
        1,
        null,
        null,
        null,
        1,
        1,
        null,
        1,
        null,
        null,
        null,
        null,
        1,
        1,
        1,
        1,
        1,
        1,
        null,
        1,
        null,
        1,
        1,
        1,
        1,
        1,
        1,
        1,
        1,
        null,
        null,
        null,
        1,
        1,
        null,
        null,
        1,
        null,
        null,
        1,
        1,
        1,
        1,
        null
      ],
      "/home/vlad/code/modulect/spec/spec_helper.rb": [
        null,
        null,
        null,
        null,
        null,
        null,
        null,
        null,
        null,
        null,
        null,
        null,
        null,
        null,
        null,
        null,
        null,
        null,
        null,
        1,
        1,
        null,
        null,
        1,
        1,
        null,
        null,
        null,
        1,
        null,
        null,
        null,
        null,
        null,
        null,
        null,
        1,
        null,
        null,
        null,
        null,
        null,
        null,
        null,
        null,
        null,
        null,
        null,
        null,
        null,
        null,
        null,
        null,
        null,
        1,
        null,
        null,
        null,
        1,
        null,
        null,
        null,
        null,
        null,
        null,
        null,
        1,
        null,
        null,
        null,
        null,
        null,
        null,
        null,
        null,
        null,
        null,
        null,
        null,
        null,
        null,
        null,
        null,
        null,
        null,
        null,
        null,
        null,
        null,
        null,
        null,
        null,
        null,
        null,
        null,
        null,
        null,
        null,
        null,
        null,
        null,
        null,
        null,
        null,
        null,
        null,
        null,
        null,
        null,
        null,
        null,
        null,
        null,
        null,
        null,
        null,
        null,
        null
      ],
      "/home/vlad/code/modulect/app/controllers/errors_controller.rb": [
        1,
        null,
        1,
        null,
        null,
        1,
        1,
        null,
        null,
        1,
        1,
        null,
        null,
        null,
        1,
        0,
        0,
        null,
        null,
        null,
        null,
        null
      ],
      "/home/vlad/code/modulect/app/controllers/application_controller.rb": [
        1,
        1,
        1,
        1,
        1,
        1,
        null,
        1,
        1,
        null,
        null,
        1,
        7,
        0,
        0,
        0,
        null,
        null,
        null,
        null,
        null,
        1,
        1,
        1,
        0,
        null,
        1,
        null,
        null,
        null,
        null,
        1,
        0,
        0,
        0,
        0,
        0,
        null,
        null,
        null,
        1,
        0,
        0,
        0,
        0,
        0,
        0,
        null,
        null,
        null,
        null,
        null,
        1,
        0,
        0,
        0,
        0,
        0,
        0,
        null,
        null,
        null,
        1,
        0,
        0,
        0,
        0,
        0,
        0,
        0,
        null,
        null,
        null,
        1,
        0,
        0,
        0,
        null,
        null,
        null,
        1,
        0,
        0,
        null,
        null,
        1,
        1,
        77,
        0,
        0,
        0,
        null,
        null,
        null,
        null,
        null,
        1,
        136,
        0,
        0,
        null,
        null,
        null,
        null,
        null,
        1,
        136,
        136,
        136,
        136,
        43,
        null,
        null,
        136,
        136,
        136,
        18,
        18,
        null,
        null,
        136,
        1,
        1,
        null,
        null,
        null,
        null,
        null,
        null
      ],
      "/home/vlad/code/modulect/spec/controllers/search_controller_spec.rb": [
        1,
        null,
        1,
        null,
        1,
        1,
        1,
        1,
        null,
        null,
        null,
        1,
        1,
        1,
        1,
        null,
        null,
        null
      ],
      "/home/vlad/code/modulect/app/controllers/search_controller.rb": [
        1,
        1,
        null,
        null,
        null,
        null,
        1,
        5,
        5,
        5,
        5,
        null,
        null,
        null,
        1,
        1,
        1,
        1,
        1,
        1,
        0,
        null,
        0,
        0,
        0,
        null,
        null,
        null,
        0,
        null,
        1,
        null,
        1,
        0,
        null,
        1,
        null,
        null,
        null,
        1,
        null,
        1,
        5,
        null,
        5,
        null,
        null,
        0,
        0,
        null,
        null,
        null,
        null,
        1,
        0,
        0,
        0,
        null,
        null,
        null,
        null,
        null
      ],
      "/home/vlad/code/modulect/spec/controllers/users_controller_spec.rb": [
        1,
        1,
        null,
        1,
        1,
        null,
        null,
        1,
        null,
        null,
        1,
        2,
        null,
        1,
        1,
        1,
        1,
        1,
        null,
        null,
        1,
        1,
        1,
        1,
        null,
        null,
        1,
        1,
        1,
        null,
        null,
        null,
        null,
        1,
        6,
        null,
        1,
        null,
        1,
        3,
        null,
        null,
        1,
        1,
        1,
        null,
        null,
        1,
        1,
        null,
        null,
        null,
        1,
        null,
        null,
        1,
        1,
        1,
        1,
        null,
        null,
        null,
        null,
        1,
        null,
        1,
        2,
        null,
        null,
        1,
        1,
        1,
        1,
        null,
        null,
        1,
        1,
        1,
        1,
        null,
        null,
        null,
        null,
        null,
        1,
        null,
        5,
        null,
        1,
        4,
        null,
        null,
        1,
        1,
        1,
        1,
        null,
        null,
        1,
        1,
        1,
        null,
        null,
        1,
        1,
        null,
        null,
        null,
        1,
        1,
        null,
        null,
        null,
        1,
        1,
        1,
        1,
        1,
        null,
        null,
        1,
        1,
        1,
        null,
        null,
        1,
        1,
        null,
        null,
        null
      ],
      "/home/vlad/code/modulect/spec/controllers/user_controller_spec_helper.rb": [
        1,
        1,
        9,
        null,
        null
      ],
      "/home/vlad/code/modulect/app/controllers/users_controller.rb": [
        1,
        1,
        1,
        1,
        null,
        1,
        1,
        null,
        1,
        null,
        1,
        null,
        null,
        null,
        null,
        1,
        0,
        null,
        null,
        null,
        null,
        1,
        4,
        0,
        null,
        4,
        null,
        null,
        null,
        1,
        null,
        3,
        null,
        3,
        null,
        1,
        1,
        null,
        null,
        2,
        null,
        null,
        null,
        null,
        null,
        null,
        1,
        2,
        2,
        2,
        1,
        1,
        1,
        null,
        1,
        null,
        null,
        null,
        1,
        null,
        2,
        null,
        null,
        null,
        null,
        null,
        2,
        null,
        2,
        0,
        null,
        2,
        null,
        2,
        0,
        null,
        2,
        null,
        2,
        0,
        null,
        null,
        null,
        null,
        1,
        1,
        1,
        1,
        null,
        null,
        null,
        null,
        1,
        1,
        1,
        null,
        1,
        1,
        null,
        null,
        null,
        1,
        5,
        5,
        5,
        null,
        5,
        0,
        0,
        0,
        null,
        5,
        5,
        5,
        0,
        null,
        5,
        null,
        null,
        0,
        0,
        null,
        null,
        null,
        null,
        null,
        1,
        1,
        9,
        4,
        null,
        null,
        5,
        null,
        null,
        null,
        1,
        5,
        null,
        null,
        null,
        1,
        7,
        7,
        null,
        null,
        null,
        1,
        6,
        0,
        0,
        null,
        null,
        null,
        null
      ],
      "/home/vlad/code/modulect/spec/helpers/career_search_helper_spec.rb": [
        1,
        null,
        1,
        1,
        1,
        1,
        null,
        3,
        3,
        null,
        3,
        null,
        1,
        null,
        1,
        1,
        1,
        1,
        2,
        4,
        null,
        null,
        null,
        null,
        null,
        1,
        2,
        null,
        1,
        1,
        1,
        1,
        null,
        null,
        null
      ],
      "/home/vlad/code/modulect/spec/helpers/courses_helper_spec.rb": [
        1,
        null,
        null,
        null,
        null,
        null,
        null,
        null,
        null,
        null,
        null,
        null,
        1,
        1,
        null
      ],
      "/home/vlad/code/modulect/spec/helpers/pathway_search_helper_spec.rb": [
        1,
        null,
        null,
        null,
        null,
        null,
        null,
        null,
        null,
        null,
        null,
        null,
        1,
        1,
        null
      ],
      "/home/vlad/code/modulect/spec/helpers/sessions_helper_spec.rb": [
        1,
        null,
        null,
        null,
        null,
        null,
        null,
        null,
        null,
        null,
        null,
        null,
        1,
        null,
        12,
        null,
        1,
        1,
        1,
        null,
        1,
        1,
        1,
        null,
        null,
        null,
        1,
        1,
        1,
        1,
        1,
        1,
        1,
        1,
        1,
        null,
        null,
        null,
        1,
        1,
        6,
        null,
        null,
        1,
        1,
        null,
        null,
        1,
        1,
        1,
        null,
        null,
        1,
        1,
        1,
        null,
        null,
        1,
        1,
        3,
        null,
        null,
        1,
        1,
        null,
        null,
        1,
        1,
        null,
        null,
        1,
        1,
        null,
        null,
        null,
        null,
        1,
        1,
        1,
        1,
        null,
        1,
        1,
        1,
        1,
        null,
        null,
        null,
        1,
        1,
        1,
        1,
        null,
        1,
        1,
        null,
        null,
        null,
        1,
        1,
        1,
        null,
        1,
        1,
        null,
        null,
        null,
        null,
        1,
        null,
        1,
        1,
        1,
        null,
        1,
        1,
        null,
        null,
        null,
        1,
        1,
        1,
        null,
        1,
        1,
        null,
        null,
        null,
        null
      ],
      "/home/vlad/code/modulect/spec/helpers/upload_helper_spec.rb": [
        1,
        1,
        null,
        1,
        1,
        null,
        1,
        1,
        1,
        1,
        null,
        1,
        3,
        3,
        3,
        null,
        1,
        2,
        null,
        1,
        4,
        1,
        1,
        1,
        null,
        1,
        null,
        4,
        1,
        1,
        1,
        null,
        null,
        null,
        1,
        2,
        null,
        1,
        4,
        1,
        1,
        1,
        null,
        1,
        null,
        4,
        1,
        1,
        1,
        null,
        null,
        null,
        null,
        1,
        2,
        2,
        2,
        null,
        1,
        null,
        2,
        null,
        1,
        4,
        1,
        1,
        1,
        1,
        4,
        1,
        1,
        1,
        null,
        null,
        null,
        null,
        1,
        3,
        3,
        3,
        null,
        1,
        2,
        null,
        1,
        4,
        1,
        1,
        1,
        null,
        null,
        null,
        1,
        2,
        1,
        4,
        1,
        null,
        null,
        null,
        null,
        1,
        4,
        4,
        4,
        null,
        1,
        2,
        null,
        1,
        4,
        1,
        1,
        1,
        null,
        null,
        null,
        1,
        2,
        1,
        4,
        1,
        1,
        1,
        null,
        null,
        null,
        1,
        2,
        1,
        4,
        1,
        1,
        1,
        null,
        null,
        null,
        null
      ],
      "/home/vlad/code/modulect/spec/support/upload_helper_steps.rb": [
        1,
        1,
        11,
        null,
        null,
        1,
        7,
        7,
        null,
        null,
        1,
        4,
        4,
        null,
        null,
        1,
        3,
        null,
        null,
        1,
        3,
        null,
        null,
        1,
        2,
        2,
        null,
        null,
        1,
        9,
        null,
        null,
        1,
        1,
        2,
        null,
        null
      ],
      "/home/vlad/code/modulect/spec/helpers/users_helper_spec.rb": [
        1,
        null,
        null,
        null,
        null,
        null,
        null,
        null,
        null,
        null,
        null,
        null,
        1,
        null,
        2,
        null,
        1,
        1,
        1,
        null,
        null,
        null
      ],
      "/home/vlad/code/modulect/spec/mailers/user_mailer_spec.rb": [
        1,
        null,
        1,
        null,
        1,
        2,
        2,
        null,
        1,
        1,
        1,
        null,
        null,
        null,
        1,
        2,
        2,
        null,
        1,
        1,
        1,
        null,
        null,
        null
      ],
      "/home/vlad/code/modulect/app/mailers/user_mailer.rb": [
        1,
        null,
        null,
        null,
        null,
        null,
        null,
        1,
        2,
        2,
        null,
        null,
        null,
        null,
        null,
        null,
        null,
        1,
        1,
        1,
        null,
        null
      ],
      "/home/vlad/code/modulect/app/mailers/application_mailer.rb": [
        1,
        1,
        1,
        null
      ],
      "/home/vlad/code/modulect/spec/models/course_spec.rb": [
        1,
        null,
        1,
        null,
        18,
        null,
        1,
        1,
        1,
        1,
        null,
        null,
        null,
        1,
        1,
        1,
        null,
        1,
        1,
        null,
        null,
        null,
        1,
        1,
        1,
        null,
        null,
        1,
        1,
        null,
        null,
        null,
        1,
        1,
        1,
        null,
        null,
        null,
        1,
        1,
        1,
        null,
        1,
        1,
        null,
        null,
        null,
        1,
        1,
        1,
        null,
        1,
        1,
        null,
        null,
        null,
        null,
        1,
        1,
        2,
        null,
        null,
        1,
        1,
        1,
        null,
        null,
        1,
        1,
        null,
        null,
        null,
        1,
        1,
        1,
        1,
        null,
        1,
        1,
        null,
        null,
        null,
        null,
        1,
        1,
        3,
        3,
        null,
        null,
        1,
        1,
        1,
        1,
        null,
        1,
        1,
        null,
        null,
        null,
        1,
        1,
        1,
        1,
        null,
        1,
        1,
        1,
        null,
        null,
        null,
        1,
        1,
        1,
        1,
        null,
        null,
        1,
        1,
        null,
        null,
        null,
        null,
        1,
        2,
        null,
        1,
        1,
        1,
        1,
        null,
        null,
        1,
        1,
        null,
        null,
        null,
        null,
        1,
        3,
        null,
        1,
        2,
        2,
        null,
        null,
        1,
        1,
        1,
        null,
        null,
        null,
        1,
        1,
        1,
        null,
        1,
        1,
        null,
        null,
        null,
        null,
        1,
        1,
        1,
        1,
        null,
        null,
        1,
        1,
        1,
        1,
        null,
        null,
        null,
        1,
        1,
        1,
        null,
        null,
        null,
        1,
        2,
        2,
        2,
        null,
        1,
        1,
        1,
        null,
        null,
        1,
        1,
        1,
        null,
        null,
        null,
        1,
        1,
        1,
        1,
        1,
        1,
        2,
        2,
        2,
        2,
        2,
        2,
        1,
        null,
        2,
        null,
        null,
        null
      ],
      "/home/vlad/code/modulect/app/models/course.rb": [
        1,
        null,
        1,
        1,
        1,
        1,
        null,
        null,
        null,
        1,
        null,
        1,
        1,
        1,
        null,
        1,
        1,
        1,
        null,
        1,
        null,
        1,
        null,
        null,
        1,
        10,
        32,
        null,
        null,
        null,
        null,
        1,
        9,
        4,
        4,
        null,
        5,
        5,
        2,
        2,
        2,
        4,
        null,
        4,
        null,
        null,
        3,
        0,
        0,
        null,
        null,
        null,
        null,
        null,
        1,
        9,
        2,
        1,
        null,
        null,
        8,
        null,
        null,
        null,
        1,
        1,
        null,
        null,
        null,
        1,
        1,
        1,
        5,
        1,
        1,
        1,
        1,
        2,
        3,
        2,
        2,
        1,
        null,
        2,
        2,
        null,
        null,
        null,
        null,
        1,
        11,
        null,
        null
      ],
      "/home/vlad/code/modulect/app/models/application_record.rb": [
        1,
        1,
        null,
        1,
        null
      ],
      "/home/vlad/code/modulect/app/models/year_structure.rb": [
        1,
        1,
        1,
        1,
        1,
        1,
        1,
        null,
        null,
        null,
        1,
        null,
        null,
        1,
        15,
        null,
        null,
        null,
        1,
        28,
        null,
        null,
        null,
        1,
        7,
        null,
        null
      ],
      "/home/vlad/code/modulect/spec/models/department_spec.rb": [
        1,
        null,
        1,
        null,
        7,
        null,
        1,
        null,
        1,
        1,
        1,
        1,
        null,
        null,
        null,
        1,
        1,
        1,
        null,
        1,
        1,
        null,
        null,
        null,
        null,
        1,
        1,
        1,
        null,
        1,
        1,
        null,
        null,
        null,
        null,
        1,
        null,
        2,
        null,
        1,
        1,
        1,
        1,
        null,
        null,
        1,
        1,
        null,
        null,
        null,
        null,
        1,
        1,
        1,
        null,
        null,
        null,
        1,
        2,
        2,
        null,
        1,
        1,
        null,
        null,
        1,
        1,
        1,
        null,
        null,
        null,
        1,
        1,
        1,
        1,
        1,
        1,
        3,
        3,
        3,
        null,
        null,
        null
      ],
      "/home/vlad/code/modulect/app/models/department.rb": [
        1,
        null,
        1,
        1,
        1,
        1,
        1,
        null,
        1,
        null,
        null,
        1,
        1,
        null,
        null,
        null,
        1,
        1,
        1,
        1,
        1,
        3,
        null,
        null,
        null,
        null,
        1,
        20,
        null,
        null
      ],
      "/home/vlad/code/modulect/spec/models/faculty_spec.rb": [
        1,
        null,
        1,
        null,
        7,
        null,
        1,
        null,
        1,
        1,
        1,
        1,
        null,
        null,
        null,
        1,
        1,
        1,
        null,
        1,
        1,
        null,
        null,
        null,
        null,
        1,
        1,
        1,
        null,
        1,
        1,
        null,
        null,
        null,
        null,
        1,
        1,
        1,
        null,
        null,
        null,
        1,
        3,
        3,
        3,
        null,
        1,
        2,
        2,
        null,
        null,
        1,
        1,
        1,
        null,
        null,
        1,
        1,
        1,
        null,
        null,
        1,
        1,
        1,
        null,
        null,
        null,
        null,
        1,
        1,
        2,
        2,
        2,
        2,
        4,
        4,
        4,
        4,
        5,
        null,
        4,
        null,
        null,
        null,
        null
      ],
      "/home/vlad/code/modulect/app/models/faculty.rb": [
        1,
        null,
        1,
        1,
        1,
        null,
        null,
        1,
        2,
        2,
        2,
        2,
        4,
        9,
        null,
        4,
        4,
        3,
        null,
        null,
        4,
        null,
        null,
        null,
        null,
        1,
        15,
        null,
        null
      ],
      "/home/vlad/code/modulect/spec/models/group_spec.rb": [
        1,
        null,
        1,
        8,
        null,
        1,
        null,
        1,
        1,
        1,
        null,
        null,
        null,
        1,
        1,
        1,
        1,
        null,
        1,
        1,
        null,
        null,
        null,
        1,
        1,
        1,
        null,
        1,
        1,
        null,
        null,
        null,
        1,
        1,
        1,
        null,
        1,
        1,
        null,
        null,
        null,
        1,
        1,
        1,
        null,
        1,
        1,
        null,
        null,
        null,
        1,
        1,
        1,
        null,
        1,
        1,
        null,
        null,
        null,
        null,
        1,
        2,
        2,
        null,
        1,
        1,
        null,
        null,
        1,
        1,
        null,
        null,
        null,
        1,
        1,
        1,
        4,
        null,
        null,
        null
      ],
      "/home/vlad/code/modulect/app/models/group.rb": [
        1,
        null,
        1,
        1,
        1,
        1,
        1,
        1,
        null,
        1,
        5,
        null,
        null,
        null,
        1,
        24,
        1,
        null,
        null,
        null,
        null
      ],
      "/home/vlad/code/modulect/spec/models/pathway_spec.rb": [
        1,
        null,
        1,
        null,
        3,
        null,
        1,
        null,
        1,
        1,
        1,
        null,
        null,
        null,
        1,
        1,
        1,
        null,
        1,
        1,
        null,
        null,
        null,
        null,
        null,
        null
      ],
      "/home/vlad/code/modulect/app/models/pathway.rb": [
        1,
        null,
        1,
        null,
        1,
        null,
        null,
        1,
        null,
        null,
        null,
        null
      ],
      "/home/vlad/code/modulect/spec/models/tag_spec.rb": [
        1,
        null,
        1,
        null,
        4,
        3,
        null,
        1,
        1,
        1,
        1,
        null,
        null,
        null,
        1,
        1,
        1,
        null,
        null,
        1,
        1,
        null,
        null,
        null,
        null,
        1,
        1,
        1,
        1,
        null,
        null,
        null,
        1,
        1,
        1,
        null,
        1,
        1,
        null,
        null,
        null,
        null,
        1,
        2,
        1,
        1,
        null,
        null,
        null,
        1,
        null,
        2,
        null,
        1,
        1,
        1,
        1,
        null,
        null,
        1,
        1,
        null,
        null,
        null,
        null
      ],
      "/home/vlad/code/modulect/app/models/tags/tag.rb": [
        1,
        null,
        1,
        1,
        1,
        null,
        1,
        null,
        null,
        1,
        1,
        null,
        null
      ],
      "/home/vlad/code/modulect/spec/models/uni_module_spec.rb": [
        1,
        null,
        1,
        null,
        8,
        null,
        1,
        null,
        1,
        1,
        1,
        null,
        null,
        null,
        1,
        1,
        1,
        1,
        null,
        1,
        1,
        null,
        null,
        null,
        null,
        1,
        1,
        1,
        1,
        null,
        null,
        null,
        1,
        1,
        1,
        null,
        1,
        1,
        null,
        null,
        null,
        1,
        1,
        1,
        null,
        1,
        1,
        null,
        null,
        null,
        null,
        null,
        1,
        null,
        2,
        null,
        1,
        null,
        1,
        1,
        1,
        null,
        null,
        1,
        1,
        null,
        null,
        null,
        null,
        1,
        2,
        null,
        1,
        1,
        1,
        1,
        null,
        null,
        1,
        1,
        null,
        null,
        null,
        null,
        1,
        2,
        2,
        2,
        2,
        2,
        2,
        null,
        null,
        null,
        null,
        null,
        2,
        2,
        null,
        1,
        1,
        1,
        1,
        null,
        null,
        1,
        1,
        1,
        null,
        null,
        null,
        1,
        1,
        1,
        1,
        1,
        1,
        12,
        12,
        12,
        12,
        12,
        12,
        12,
        1,
        null,
        12,
        4,
        null,
        12,
        0,
        null,
        12,
        null,
        null,
        null
      ],
      "/home/vlad/code/modulect/app/models/uni_module.rb": [
        1,
        null,
        1,
        1,
        1,
        1,
        null,
        null,
        1,
        1,
        null,
        1,
        1,
        1,
        null,
        null,
        1,
        null,
        null,
        null,
        null,
        null,
        1,
        null,
        1,
        3,
        null,
        null,
        1,
        4,
        null,
        null,
        null,
        1,
        35,
        28,
        null,
        null,
        null,
        null,
        1,
        29,
        12,
        null,
        null,
        null,
        null,
        1,
        1,
        null,
        null,
        null,
        1,
        1,
        null,
        null,
        null,
        1,
        null,
        1,
        null,
        1,
        null,
        null,
        1,
        null,
        3,
        3,
        3,
        null,
        4,
        0,
        0,
        0,
        null,
        null,
        4,
        null,
        null,
        null,
        null,
        null,
        0,
        null,
        null,
        0,
        0,
        null,
        null,
        null,
        0,
        null,
        0,
        0,
        0,
        0,
        null,
        null,
        0,
        null,
        null,
        null,
        0,
        0,
        null,
        null,
        null,
        null,
        null,
        null,
        null,
        5,
        null,
        null,
        1,
        null,
        1,
        null,
        null,
        1,
        4,
        4,
        0,
        null,
        4,
        null,
        null,
        null,
        null,
        1,
        0,
        1,
        1,
        0,
        0,
        null,
        0,
        null,
        null,
        null,
        null,
        null,
        1,
        1,
        1,
        null,
        1,
        4,
        4,
        null,
        4,
        4,
        4,
        null,
        4,
        4,
        4,
        null,
        null,
        null,
        null,
        null,
        null,
        null,
        1,
        null,
        null,
        1,
        12,
        null,
        null,
        12,
        16,
        12,
        null,
        12,
        12,
        12,
        null,
        12,
        12,
        12,
        null,
        12,
        13,
        12,
        null,
        null,
        12,
        null,
        null,
        1,
        1,
        1,
        1,
        12,
        12,
        null,
        null,
        null,
        null,
        null,
        1,
        6,
        null,
        null,
        1,
        1,
        1,
        null,
        1,
        13,
        5,
        1,
        null,
        null,
        1,
        0,
        0,
        0,
        0,
        null,
        null,
        null,
        1,
        48,
        48,
        3,
        3,
        null,
        null,
        null
      ],
      "/home/vlad/code/modulect/spec/models/user_spec.rb": [
        1,
        null,
        1,
        null,
        42,
        null,
        1,
        1,
        3,
        null,
        1,
        1,
        null,
        1,
        1,
        null,
        1,
        1,
        null,
        null,
        null,
        null,
        null,
        1,
        1,
        1,
        1,
        null,
        null,
        1,
        1,
        null,
        null,
        null,
        1,
        1,
        1,
        null,
        null,
        null,
        null,
        1,
        1,
        1,
        1,
        1,
        null,
        null,
        1,
        1,
        null,
        null,
        null,
        1,
        1,
        1,
        null,
        null,
        1,
        1,
        null,
        null,
        null,
        null,
        1,
        1,
        1,
        1,
        1,
        null,
        1,
        1,
        null,
        null,
        null,
        null,
        1,
        1,
        2,
        2,
        null,
        null,
        1,
        1,
        null,
        null,
        1,
        1,
        null,
        null,
        null,
        1,
        1,
        1,
        1,
        null,
        null,
        1,
        1,
        1,
        null,
        null,
        null,
        1,
        1,
        2,
        null,
        null,
        1,
        1,
        1,
        1,
        null,
        null,
        null,
        null,
        null,
        1,
        1,
        1,
        null,
        null,
        null,
        null,
        null,
        1,
        1,
        1,
        1,
        null,
        null,
        null,
        1,
        1,
        1,
        null,
        null,
        null,
        null,
        1,
        null,
        1,
        1,
        1,
        null,
        null,
        null,
        1,
        1,
        1,
        null,
        1,
        1,
        null,
        null,
        null,
        1,
        1,
        1,
        null,
        1,
        1,
        null,
        null,
        null,
        1,
        1,
        1,
        null,
        1,
        1,
        null,
        null,
        null,
        1,
        1,
        1,
        null,
        1,
        1,
        null,
        null,
        null,
        1,
        1,
        1,
        null,
        1,
        1,
        null,
        null,
        null,
        1,
        2,
        null,
        null,
        1,
        1,
        7,
        7,
        null,
        null,
        null,
        null,
        1,
        1,
        1,
        null,
        1,
        1,
        null,
        null,
        null,
        1,
        1,
        1,
        null,
        1,
        1,
        null,
        null,
        null,
        1,
        1,
        1,
        null,
        1,
        1,
        null,
        null,
        null,
        1,
        1,
        1,
        null,
        1,
        1,
        null,
        null,
        null,
        null,
        1,
        1,
        1,
        1,
        null,
        1,
        1,
        null,
        null,
        null,
        1,
        1,
        1,
        null,
        1,
        1,
        null,
        null,
        null,
        1,
        1,
        1,
        null,
        1,
        1,
        null,
        null,
        null,
        null,
        1,
        null,
        1,
        null,
        1,
        4,
        null,
        null,
        1,
        1,
        null,
        null,
        1,
        1,
        null,
        null,
        1,
        1,
        null,
        null,
        1,
        1,
        null,
        null,
        null,
        1,
        1,
        2,
        2,
        2,
        null,
        null,
        1,
        1,
        null,
        null,
        1,
        1,
        null,
        null,
        null,
        null,
        1,
        2,
        null,
        1,
        1,
        1,
        1,
        null,
        null,
        1,
        1,
        null,
        null,
        null,
        null,
        1,
        2,
        null,
        1,
        1,
        1,
        1,
        null,
        null,
        1,
        1,
        null,
        null,
        null,
        null,
        1,
        1,
        1,
        null,
        null,
        1,
        1,
        1,
        1,
        null,
        null,
        null,
        1,
        1,
        1,
        1,
        null,
        null,
        1,
        1,
        1,
        null,
        null,
        null,
        1,
        1,
        2,
        2,
        null,
        null,
        1,
        1,
        1,
        null,
        null,
        null,
        1,
        1,
        1,
        null,
        1,
        1,
        null,
        null,
        null,
        null,
        1,
        2,
        2,
        2,
        2,
        2,
        2,
        null,
        1,
        1,
        1,
        null,
        null,
        null,
        1,
        1,
        1,
        1,
        1,
        1,
        5,
        5,
        5,
        5,
        5,
        5,
        5,
        5,
        null,
        null,
        null
      ],
      "/home/vlad/code/modulect/app/models/user.rb": [
        1,
        null,
        1,
        1,
        null,
        1,
        1,
        null,
        null,
        1,
        1,
        null,
        1,
        null,
        1,
        null,
        1,
        null,
        1,
        null,
        null,
        1,
        1,
        1,
        null,
        1,
        1,
        1,
        1,
        null,
        null,
        null,
        1,
        1,
        1,
        1,
        null,
        null,
        null,
        1,
        null,
        1,
        null,
        1,
        85,
        null,
        85,
        null,
        null,
        null,
        1,
        92,
        null,
        null,
        null,
        null,
        1,
        2,
        null,
        null,
        null,
        1,
        3,
        null,
        null,
        null,
        null,
        null,
        null,
        null,
        null,
        1,
        22,
        22,
        null,
        null,
        null,
        null,
        null,
        null,
        1,
        7,
        null,
        null,
        null,
        null,
        null,
        null,
        null,
        null,
        1,
        3,
        3,
        null,
        3,
        null,
        null,
        null,
        1,
        2,
        null,
        null,
        null,
        1,
        6,
        null,
        null,
        null,
        null,
        6,
        2,
        null,
        null,
        6,
        2,
        null,
        null,
        null,
        null,
        1,
        1,
        null,
        null,
        null,
        1,
        3,
        3,
        null,
        null,
        null,
        1,
        2,
        null,
        null,
        null,
        1,
        0,
        null,
        null,
        null,
        1,
        4,
        null,
        null,
        1,
        2,
        null,
        null,
        1,
        1,
        100,
        null,
        null,
        1,
        60,
        60,
        null,
        null,
        1,
        170,
        null,
        null,
        1,
        1,
        1,
        null,
        1,
        8,
        1,
        5,
        null,
        5,
        5,
        0,
        0,
        0,
        0,
        5,
        4,
        4,
        4,
        4,
        1,
        1,
        1,
        1,
        1,
        null,
        null,
        5,
        null,
        null,
        null,
        null
      ],
      "/home/vlad/code/modulect/spec/models/year_structure_spec.rb": [
        1,
        null,
        1,
        9,
        null,
        1,
        null,
        1,
        1,
        1,
        null,
        null,
        null,
        1,
        1,
        1,
        null,
        1,
        1,
        null,
        null,
        null,
        1,
        1,
        1,
        null,
        1,
        1,
        null,
        null,
        null,
        null,
        1,
        1,
        1,
        null,
        null,
        null,
        1,
        1,
        1,
        null,
        null,
        null,
        1,
        null,
        1,
        1,
        1,
        null,
        null,
        null,
        1,
        1,
        1,
        1,
        null,
        null,
        1,
        1,
        null,
        null,
        null,
        null,
        1,
        null,
        1,
        1,
        1,
        null,
        null,
        1,
        1,
        1,
        1,
        null,
        null,
        null
      ],
      "/home/vlad/code/modulect/spec/requests/analytics_spec.rb": [
        1,
        1,
        1,
        null,
        1,
        1,
        1,
        null,
        1,
        1,
        1,
        1,
        null,
        null,
        2,
        2,
        null,
        2,
        2,
        null,
        1,
        1,
        1,
        1,
        1,
        null,
        null,
        1,
        1,
        1,
        1,
        1,
        1,
        null,
        1,
        1,
        1,
        1,
        1,
        1,
        1,
        1,
        1,
        1,
        null,
        null,
        null
      ],
      "/home/vlad/code/modulect/spec/support/login_helper.rb": [
        1,
        null,
        1,
        13,
        13,
        13,
        13,
        null,
        null,
        null,
        1,
        1,
        1,
        1,
        null,
        null
      ],
      "/home/vlad/code/modulect/spec/support/analytics_steps.rb": [
        1,
        1,
        null,
        null,
        1,
        1,
        1,
        1,
        1,
        1,
        1,
        1,
        null,
        null,
        1,
        1,
        1,
        1,
        null,
        null,
        1,
        1,
        1,
        1,
        1,
        null,
        null
      ],
      "/home/vlad/code/modulect/spec/requests/course_creation_spec.rb": [
        1,
        1,
        1,
        1,
        null,
        1,
        1,
        1,
        1,
        null,
        2,
        null,
        2,
        2,
        2,
        2,
        null,
        1,
        1,
        1,
        null,
        null,
        1,
        1,
        1,
        1,
        null,
        null
      ],
      "/home/vlad/code/modulect/spec/support/course_creation_steps.rb": [
        1,
        1,
        1,
        null,
        1,
        1,
        1,
        1,
        null,
        1,
        1,
        null,
        null,
        1,
        1,
        1,
        1,
        1,
        null,
        null,
        1,
        1,
        3,
        3,
        3,
        3,
        3,
        3,
        3,
        3,
        3,
        3,
        null,
        null,
        null,
        1,
        3,
        3,
        null,
        null,
        1,
        3,
        null,
        null,
        1,
        3,
        3,
        3,
        3,
        6,
        null,
        null,
        null,
        1,
        1,
        null,
        null,
        1,
        3,
        null,
        null,
        null
      ],
      "/home/vlad/code/modulect/spec/support/selectize_select.rb": [
        1,
        null,
        1,
        8,
        null,
        null
      ],
      "/home/vlad/code/modulect/spec/support/course_form_filler.rb": [
        1,
        null,
        1,
        1,
        null,
        1,
        2,
        2,
        2,
        null,
        null
      ],
      "/home/vlad/code/modulect/spec/support/wait_for_ajax.rb": [
        1,
        1,
        18,
        18,
        null,
        null,
        null,
        1,
        93,
        null,
        null,
        1,
        1,
        null,
        null
      ],
      "/home/vlad/code/modulect/spec/requests/courses_index_spec.rb": [
        1,
        1,
        1,
        null,
        1,
        1,
        1,
        null,
        5,
        null,
        5,
        5,
        null,
        1,
        4,
        4,
        4,
        null,
        null,
        1,
        1,
        1,
        1,
        1,
        1,
        null,
        null,
        1,
        null,
        1,
        1,
        1,
        1,
        1,
        null,
        null,
        1,
        1,
        1,
        1,
        1,
        1,
        null,
        null,
        null,
        1,
        1,
        1,
        1,
        1,
        1,
        1,
        null,
        null
      ],
      "/home/vlad/code/modulect/spec/support/courses_index_steps.rb": [
        1,
        1,
        null,
        1,
        1,
        1,
        null,
        1,
        1,
        null,
        null,
        1,
        1,
        null,
        null,
        1,
        1,
        1,
        null,
        null,
        1,
        1,
        1,
        null,
        null,
        1,
        7,
        null,
        null,
        1,
        1,
        null,
        null,
        1,
        1,
        null,
        null,
        1,
        1,
        null,
        null,
        1,
        1,
        null,
        null,
        1,
        2,
        null,
        null,
        null
      ],
      "/home/vlad/code/modulect/spec/support/bulk_actions_steps.rb": [
        1,
        null,
        1,
        1,
        null,
        1,
        4,
        null,
        null,
        1,
        2,
        2,
        2,
        null,
        null,
        1,
        2,
        2,
        2,
        null,
        null,
        1,
        4,
        4,
        4,
        null,
        null
      ],
      "/home/vlad/code/modulect/spec/requests/departments_index_spec.rb": [
        1,
        1,
        1,
        null,
        1,
        1,
        1,
        null,
        5,
        5,
        null,
        5,
        null,
        1,
        4,
        4,
        null,
        null,
        1,
        1,
        1,
        1,
        1,
        1,
        null,
        null,
        1,
        1,
        1,
        1,
        1,
        null,
        null,
        1,
        1,
        1,
        1,
        1,
        1,
        null,
        null,
        null,
        1,
        1,
        1,
        1,
        1,
        1,
        1,
        null,
        null
      ],
      "/home/vlad/code/modulect/spec/support/departments_index_steps.rb": [
        1,
        1,
        null,
        1,
        1,
        1,
        null,
        1,
        1,
        null,
        null,
        1,
        1,
        null,
        null,
        1,
        1,
        null,
        null,
        1,
        1,
        null,
        null,
        1,
        3,
        null,
        null,
        1,
        1,
        null,
        null,
        1,
        1,
        null,
        null,
        1,
        1,
        1,
        null,
        null,
        1,
        2,
        null,
        null
      ],
      "/home/vlad/code/modulect/spec/requests/pathway_search_spec.rb": [
        1,
        1,
        1,
        1,
        null,
        1,
        1,
        1,
        1,
        null,
        1,
        1,
        1,
        1,
        1,
        1,
        1,
        1,
        null,
        2,
        2,
        2,
        null,
        null,
        2,
        2,
        2,
        2,
        2,
        2,
        2,
        2,
        2,
        2,
        null,
        null,
        2,
        2,
        null,
        null,
        2,
        2,
        2,
        2,
        null,
        null,
        2,
        2,
        2,
        2,
        2,
        2,
        2,
        2,
        2,
        2,
        2,
        null,
        1,
        1,
        null,
        null,
        1,
        1,
        1,
        1,
        1,
        1,
        1,
        1,
        null,
        1,
        1,
        null,
        1,
        1,
        null,
        1,
        1,
        null,
        1,
        null,
        1,
        null,
        null
      ],
      "/home/vlad/code/modulect/spec/support/pathway_search_steps.rb": [
        null,
        1,
        null,
        1,
        1,
        1,
        1,
        1,
        1,
        1,
        null,
        null,
        1,
        1,
        1,
        1,
        null,
        null,
        1,
        1,
        1,
        1,
        1,
        null,
        null,
        1,
        1,
        1,
        1,
        1,
        null,
        null,
        1,
        1,
        1,
        1,
        1,
        null,
        null,
        1,
        1,
        1,
        1,
        1,
        null,
        null,
        1,
        1,
        2,
        1,
        4,
        null,
        null,
        null,
        null,
        null,
        1,
        1,
        4,
        null,
        null,
        null,
        1,
        null,
        1,
        1,
        1,
        1,
        1,
        1,
        1,
        1,
        1,
        1,
        1,
        1,
        1,
        1,
        1,
        null,
        1,
        null,
        1,
        1,
        null,
        null,
        1,
        1,
        1,
        1,
        1,
        1,
        1,
        1,
        1,
        1,
        null,
        null,
        1,
        1,
        1,
        1,
        null,
        1,
        null,
        null
      ],
      "/home/vlad/code/modulect/spec/requests/user_login_spec.rb": [
        1,
        1,
        null,
        1,
        1,
        null,
        4,
        null,
        1,
        1,
        1,
        1,
        null,
        null,
        1,
        1,
        1,
        1,
        1,
        null,
        null,
        1,
        1,
        1,
        1,
        null,
        1,
        null,
        null
      ],
      "/home/vlad/code/modulect/spec/requests/user_password_resets_spec.rb": [
        1,
        null,
        1,
        null,
        1,
        3,
        null,
        1,
        1,
        1,
        null,
        null,
        1,
        1,
        1,
        1,
        null,
        null,
        null,
        null,
        1,
        2,
        null,
        1,
        1,
        1,
        null,
        null,
        1,
        1,
        1,
        1,
        null,
        null,
        null,
        null,
        1,
        3,
        null,
        null,
        1,
        1,
        1,
        null,
        null,
        1,
        1,
        1,
        1,
        null,
        null,
        null,
        null
      ],
      "/home/vlad/code/modulect/spec/requests/user_signup_spec.rb": [
        1,
        null,
        1,
        null,
        1,
        1,
        1,
        1,
        1,
        1,
        1,
        1,
        null,
        1,
        1,
        null,
        null,
        1,
        1,
        1,
        1,
        null,
        null
      ],
      "/home/vlad/code/modulect/spec/views/career_search/choose.html.erb_spec.rb": [
        1,
        null,
        1,
        1,
        null
      ],
      "/home/vlad/code/modulect/spec/views/career_search/view.html.erb_spec.rb": [
        1,
        null,
        1,
        1,
        null
      ],
      "/home/vlad/code/modulect/app/models/app_setting.rb": [
        1,
        null,
        null,
        1,
        null,
        null,
        1,
        null,
        245,
        245,
        38,
        38,
        38,
        38,
        38,
        38,
        null,
        null,
        null,
        null,
        null
      ],
      "/home/vlad/code/modulect/app/models/visitor_log.rb": [
        1,
        null
      ],
      "/home/vlad/code/modulect/app/models/notice.rb": [
        1,
        1,
        null,
        null,
        1,
        null,
        null,
        null,
        1,
        1,
        1,
        null,
        null,
        1,
        null,
        null,
        1,
        null,
        null,
        1,
        null,
        null,
        1,
        null,
        1,
        1,
        null,
        1,
        null,
        1,
        0,
        0,
        null,
        null,
        null,
        null,
        1,
        0,
        0,
        null,
        null,
        null,
        null
      ],
      "/home/vlad/code/modulect/app/models/tags/interest_tag.rb": [
        1,
        null
      ],
      "/home/vlad/code/modulect/app/models/tags/career_tag.rb": [
        1,
        null
      ],
      "/home/vlad/code/modulect/app/models/saved_module.rb": [
        1,
        1,
        1,
        null
      ],
      "/home/vlad/code/modulect/app/controllers/sessions_controller.rb": [
        1,
        null,
        1,
        1,
        null,
        null,
        null,
        1,
        null,
        null,
        null,
        1,
        14,
        14,
        14,
        10,
        null,
        null,
        14,
        11,
        10,
        10,
        10,
        null,
        1,
        1,
        1,
        1,
        null,
        null,
        1,
        1,
        0,
        null,
        1,
        null,
        null,
        null,
        null,
        null,
        1,
        1,
        1,
        null,
        null,
        1,
        1,
        29,
        0,
        0,
        null,
        null,
        null,
        null
      ],
      "/home/vlad/code/modulect/app/controllers/uni_modules_controller.rb": [
        1,
        null,
        null,
        1,
        4,
        4,
        null,
        null,
        null
      ],
      "/home/vlad/code/modulect/app/models/comment.rb": [
        1,
        1,
        1,
        null,
        null,
        1,
        null,
        1,
        null,
        1,
        1,
        null
      ],
      "/home/vlad/code/modulect/app/models/uni_module_log.rb": [
        1,
        1,
        null
      ],
      "/home/vlad/code/modulect/app/controllers/comments_controller.rb": [
        1,
        null,
        null,
        1,
        1,
        null,
        1,
        1,
        null,
        null,
        1,
        1,
        null,
        1,
        null,
        null,
        1,
        2,
        null,
        null,
        0,
        null,
        null,
        null,
        null,
        1,
        0,
        null,
        0,
        null,
        0,
        0,
        0,
        0,
        null,
        null,
        null,
        0,
        0,
        null,
        null,
        null,
        null,
        null,
        1,
        0,
        0,
        0,
        0,
        0,
        0,
        0,
        null,
        null,
        0,
        0,
        null,
        null,
        null,
        null,
        1,
        0,
        0,
        null,
        0,
        0,
        0,
        null,
        0,
        0,
        null,
        null,
        null,
        0,
        0,
        null,
        null,
        null,
        null,
        1,
        0,
        null,
        0,
        null,
        0,
        null,
        0,
        null,
        0,
        0,
        0,
        0,
        null,
        null,
        0,
        0,
        0,
        null,
        0,
        null,
        null,
        null,
        null,
        null,
        1,
        0,
        0,
        null,
        null,
        null,
        1,
        0,
        0,
        null,
        0,
        0,
        0,
        null,
        0,
        0,
        null,
        null,
        0,
        0,
        null,
        null,
        null,
        null,
        1,
        0,
        null,
        0,
        null,
        0,
        null,
        null,
        1,
        1,
        1,
        1,
        null,
        1,
        null,
        null,
        null
      ],
      "/home/vlad/code/modulect/app/controllers/admin/analytics_controller.rb": [
        1,
        1,
        1,
        1,
        null,
        1,
        null,
        null,
        null,
        1,
        null,
        2,
        2,
        0,
        null,
        2,
        null,
        null,
        null,
        2,
        0,
        0,
        0,
        0,
        2,
        2,
        2,
        2,
        2,
        2,
        null,
        2,
        0,
        0,
        0,
        0,
        0,
        0,
        0,
        null,
        0,
        0,
        null,
        null,
        2,
        0,
        2,
        2,
        null,
        null,
        null,
        2,
        2,
        0,
        0,
        0,
        0,
        0,
        0,
        null,
        0,
        null,
        2,
        8,
        2,
        null,
        null,
        0,
        0,
        0,
        0,
        0,
        0,
        null,
        0,
        null,
        2,
        null,
        null,
        null,
        1,
        0,
        0,
        0,
        0,
        0,
        0,
        null,
        null,
        null,
        0,
        0,
        null,
        null,
        null,
        null,
        1,
        0,
        0,
        0,
        0,
        0,
        null,
        null,
        null,
        null,
        1,
        0,
        null,
        null,
        null
      ],
      "/home/vlad/code/modulect/app/controllers/admin/base_controller.rb": [
        1,
        1,
        1,
        1,
        null,
        1,
        1,
        1,
        1,
        1,
        null,
        null,
        null,
        1,
        null,
        1,
        1,
        1,
        null,
        null,
        1,
        null,
        59,
        0,
        0,
        null,
        59,
        10,
        10,
        null,
        null,
        null,
        null,
        1,
        49,
        0,
        0,
        0,
        null,
        null,
        null,
        null,
        1,
        49,
        0,
        0,
        0,
        null,
        null,
        null,
        null,
        1,
        0,
        0,
        null,
        0,
        0,
        0,
        0,
        0,
        0,
        0,
        0,
        0,
        0,
        0,
        0,
        0,
        0,
        0,
        0,
        0,
        0,
        null,
        null,
        0,
        null,
        null,
        0,
        0,
        null,
        null,
        0,
        null,
        0,
        null,
        0,
        null,
        null,
        1,
        null,
        null,
        1,
        0,
        null,
        null,
        null,
        null,
        null,
        null
      ],
      "/home/vlad/code/modulect/app/models/search_log.rb": [
        1,
        null
      ],
      "/home/vlad/code/modulect/app/models/tag_log.rb": [
        1,
        null
      ],
      "/home/vlad/code/modulect/app/controllers/admin/courses_controller.rb": [
        1,
        1,
        1,
        null,
        1,
        null,
        1,
        0,
        null,
        1,
        0,
        null,
        null,
        null,
        1,
        null,
        8,
        8,
        0,
        0,
        null,
        8,
        null,
        null,
        0,
        null,
        null,
        null,
        8,
        0,
        null,
        8,
        null,
        null,
        null,
        8,
        0,
        0,
        null,
        0,
        null,
        null,
        8,
        0,
        0,
        0,
        0,
        null,
        null,
        null,
        8,
        null,
        null,
        8,
        0,
        null,
        null,
        null,
        8,
        8,
        0,
        0,
        null,
        0,
        0,
        0,
        null,
        null,
        0,
        0,
        null,
        8,
        null,
        null,
        8,
        8,
        8,
        null,
        null,
        null,
        null,
        1,
        1,
        null,
        null,
        null,
        1,
        1,
        1,
        1,
        null,
        1,
        1,
        1,
        0,
        0,
        0,
        null,
        null,
        null,
        null,
        1,
        1,
        null,
        0,
        null,
        null,
        null,
        1,
        9,
        null,
        null,
        null,
        1,
        1,
        1,
        1,
        null,
        null,
        1,
        null,
        1,
        1,
        1,
        0,
        0,
        0,
        null,
        null,
        null,
        null,
        1,
        1,
        null,
        0,
        null,
        null,
        null,
        null,
        1,
        1,
        null,
        1,
        0,
        null,
        1,
        null,
        1,
        0,
        null,
        null,
        null,
        1,
        1,
        0,
        0,
        null,
        null,
        null,
        1,
        1,
        null,
        1,
        1,
        1,
        null,
        null,
        null,
        1,
        1,
        1,
        null,
        1,
        1,
        1,
        1,
        0,
        null,
        1,
        1,
        1,
        0,
        0,
        null,
        null,
        1,
        1,
        1,
        null,
        null,
        null,
        1,
        null,
        null,
        null,
        1,
        1,
        1,
        1,
        null,
        null,
        null,
        1,
        1,
        2,
        null,
        null,
        null,
        null,
        null,
        1,
        11,
        null,
        11,
        0,
        null,
        null,
        null,
        null,
        null
      ],
      "/home/vlad/code/modulect/app/models/suggested_pathway.rb": [
        1,
        null,
        1,
        1,
        null,
        null,
        1,
        0,
        0,
        0,
        0,
        0,
        0,
        null,
        null,
        null,
        0,
        null,
        null,
        null
      ],
      "/home/vlad/code/modulect/app/controllers/admin/year_structures_controller.rb": [
        1,
        1,
        1,
        null,
        null,
        null,
        null,
        1,
        3,
        null,
        null,
        1,
        6,
        null,
        null,
        1,
        3,
        3,
        3,
        3,
        null,
        0,
        0,
        null,
        null,
        null,
        1,
        null,
        1,
        3,
        0,
        0,
        0,
        0,
        null,
        null,
        null,
        null,
        1,
        3,
        null,
        null,
        null,
        null
      ],
      "/home/vlad/code/modulect/app/models/pathway_search_log.rb": [
        1,
        null
      ],
      "/home/vlad/code/modulect/app/controllers/admin/departments_controller.rb": [
        1,
        1,
        1,
        null,
        1,
        0,
        null,
        null,
        null,
        1,
        null,
        8,
        0,
        0,
        null,
        8,
        null,
        null,
        null,
        8,
        0,
        null,
        8,
        null,
        null,
        null,
        8,
        0,
        0,
        0,
        null,
        null,
        8,
        0,
        0,
        0,
        0,
        null,
        null,
        null,
        8,
        null,
        null,
        8,
        0,
        null,
        null,
        null,
        8,
        null,
        null,
        8,
        8,
        0,
        0,
        null,
        0,
        0,
        null,
        8,
        null,
        null,
        8,
        8,
        8,
        null,
        null,
        null,
        null,
        null,
        null,
        null,
        1,
        0,
        null,
        null,
        1,
        null,
        0,
        null,
        0,
        null,
        0,
        0,
        null,
        null,
        0,
        null,
        null,
        null,
        null,
        1,
        null,
        1,
        null,
        null,
        1,
        null,
        1,
        null,
        1,
        null,
        1,
        1,
        null,
        null,
        0,
        null,
        null,
        null,
        1,
        1,
        null,
        1,
        null,
        1,
        0,
        null,
        null,
        1,
        1,
        1,
        1,
        1,
        null,
        1,
        1,
        null,
        0,
        null,
        null,
        1,
        null,
        null,
        null,
        1,
        1,
        1,
        null,
        1,
        1,
        null,
        1,
        1,
        0,
        null,
        1,
        1,
        1,
        1,
        1,
        1,
        null,
        null,
        null,
        null,
        1,
        null,
        null,
        null,
        null,
        1,
        1,
        1,
        null,
        1,
        1,
        null,
        1,
        1,
        0,
        null,
        1,
        1,
        null,
        null,
        null,
        null,
        null,
        1,
        null,
        null,
        1,
        null,
        1,
        null,
        1,
        null,
        null,
        null,
        1,
        1,
        null,
        null,
        null,
        null,
        1,
        1,
        null,
        null,
        null,
        1,
        11,
        null,
        null,
        null,
        null
      ],
      "/home/vlad/code/modulect/app/controllers/pathway_search_controller.rb": [
        1,
        null,
        1,
        null,
        null,
        1,
        1,
        1,
        1,
        null,
        1,
        0,
        null,
        0,
        0,
        null,
        0,
        null,
        0,
        0,
        null,
        0,
        null,
        null,
        0,
        0,
        null,
        null,
        null,
        null,
        null,
        null,
        1,
        null,
        null,
        null,
        1,
        1,
        null,
        1,
        1,
        1,
        1,
        null,
        0,
        null,
        null,
        null,
        1,
        1,
        1,
        1,
        1,
        1,
        1,
        1,
        1,
        null,
        1,
        0,
        null,
        null,
        null,
        1,
        1,
        1,
        3,
        null,
        1,
        null,
        0,
        0,
        0,
        null,
        null,
        null,
        0,
        null,
        null,
        1,
        3,
        3,
        null,
        null,
        null,
        1,
        1,
        null,
        0,
        null,
        1,
        null,
        null,
        0,
        0,
        0,
        0,
        0,
        0,
        0,
        0,
        0,
        null,
        0,
        0,
        null,
        0,
        null,
        null,
        null,
        0,
        null,
        null,
        null,
        null,
        1,
        6,
        null,
        null,
        null,
        1,
        0,
        null,
        null,
        null
      ],
      "/home/vlad/code/modulect/app/controllers/password_resets_controller.rb": [
        1,
        1,
        1,
        1,
        null,
        null,
        null,
        null,
        1,
        null,
        null,
        null,
        null,
        1,
        0,
        0,
        0,
        0,
        0,
        0,
        null,
        0,
        0,
        null,
        null,
        null,
        null,
        null,
        1,
        null,
        null,
        null,
        1,
        0,
        0,
        0,
        0,
        0,
        0,
        0,
        0,
        null,
        0,
        null,
        null,
        null,
        1,
        null,
        1,
        6,
        null,
        null,
        null,
        1,
        0,
        null,
        null,
        null,
        1,
        0,
        0,
        0,
        null,
        null,
        null,
        null,
        1,
        null,
        6,
        null,
        6,
        null,
        null,
        null
      ]
    },
    "timestamp": 1490615954
  }
}
